2026-05-02 23:34:27 - INFO - ==================================================
2026-05-02 23:34:27 - INFO -   \U0001f6b5 ╠╥┴ ╧рЁъш 2.0 (Python) Ч ёхЁтхЁ чряґїхэ
2026-05-02 23:34:27 - INFO -   \U0001f310 http://localhost:8000
2026-05-02 23:34:27 - INFO -   \U0001f4e1 API: http://localhost:8000/api/weather/all
2026-05-02 23:34:27 - INFO - ==================================================
2026-05-02 23:34:27 - INFO - 5 changes detected
2026-05-02 23:34:36 - INFO - GET /css/style.css - 304 (0.04ё)
2026-05-02 23:34:36 - INFO - GET /manifest.json - 200 (0.00ё)
2026-05-02 23:34:36 - INFO - GET /js/app.js - 304 (0.00ё)
2026-05-02 23:34:36 - INFO - HTTP Request: GET https://api.open-meteo.com/v1/forecast?latitude=55.740384&longitude=37.441293&current=temperature_2m,weather_code,wind_speed_10m&hourly=temperature_2m,weather_code,rain,wind_speed_10m&daily=temperature_2m_max,rain_sum,weather_code&timezone=auto&forecast_hours=6&forecast_days=6 "HTTP/1.1 200 OK"
2026-05-02 23:34:37 - INFO - HTTP Request: GET https://archive-api.open-meteo.com/v1/archive?latitude=55.740384&longitude=37.441293&start_date=2026-04-29&end_date=2026-05-02&hourly=rain&timezone=auto "HTTP/1.1 200 OK"
2026-05-02 23:34:37 - INFO - GET /sw.js - 304 (0.00ё)
2026-05-02 23:34:37 - INFO - HTTP Request: GET https://api.open-meteo.com/v1/forecast?latitude=55.438771&longitude=37.504228&current=temperature_2m,weather_code,wind_speed_10m&hourly=temperature_2m,weather_code,rain,wind_speed_10m&daily=temperature_2m_max,rain_sum,weather_code&timezone=auto&forecast_hours=6&forecast_days=6 "HTTP/1.1 200 OK"
2026-05-02 23:34:38 - INFO - HTTP Request: GET https://archive-api.open-meteo.com/v1/archive?latitude=55.438771&longitude=37.504228&start_date=2026-04-29&end_date=2026-05-02&hourly=rain&timezone=auto "HTTP/1.1 200 OK"
2026-05-02 23:34:39 - INFO - HTTP Request: GET https://api.open-meteo.com/v1/forecast?latitude=55.567215&longitude=37.539429&current=temperature_2m,weather_code,wind_speed_10m&hourly=temperature_2m,weather_code,rain,wind_speed_10m&daily=temperature_2m_max,rain_sum,weather_code&timezone=auto&forecast_hours=6&forecast_days=6 "HTTP/1.1 200 OK"
2026-05-02 23:34:39 - INFO - HTTP Request: GET https://archive-api.open-meteo.com/v1/archive?latitude=55.567215&longitude=37.539429&start_date=2026-04-29&end_date=2026-05-02&hourly=rain&timezone=auto "HTTP/1.1 200 OK"
2026-05-02 23:34:40 - INFO - HTTP Request: GET https://api.open-meteo.com/v1/forecast?latitude=54.831991&longitude=38.125463&current=temperature_2m,weather_code,wind_speed_10m&hourly=temperature_2m,weather_code,rain,wind_speed_10m&daily=temperature_2m_max,rain_sum,weather_code&timezone=auto&forecast_hours=6&forecast_days=6 "HTTP/1.1 200 OK"
2026-05-02 23:34:40 - INFO - HTTP Request: GET https://archive-api.open-meteo.com/v1/archive?latitude=54.831991&longitude=38.125463&start_date=2026-04-29&end_date=2026-05-02&hourly=rain&timezone=auto "HTTP/1.1 200 OK"
2026-05-02 23:34:40 - INFO - GET /api/weather/mtb_parks - 200 (4.36ё)
2026-05-03 00:10:40 - INFO - ==================================================
2026-05-03 00:10:40 - INFO -   \U0001f6b5 ╠╥┴ ╧рЁъш 2.0 (Python) Ч ёхЁтхЁ чряґїхэ
2026-05-03 00:10:40 - INFO -   \U0001f310 http://localhost:8000
2026-05-03 00:10:40 - INFO -   \U0001f4e1 API: http://localhost:8000/api/weather/all
2026-05-03 00:10:40 - INFO - ==================================================
2026-05-03 00:10:43 - INFO - GET /css/style.css - 304 (0.05ё)
2026-05-03 00:10:43 - INFO - GET /js/app.js - 304 (0.00ё)
2026-05-03 00:10:43 - INFO - GET /manifest.json - 200 (0.00ё)
2026-05-03 00:10:43 - INFO - GET /favicon.ico - 404 (0.00ё)
2026-05-03 00:10:44 - INFO - HTTP Request: GET https://api.open-meteo.com/v1/forecast?latitude=55.740384&longitude=37.441293&current=temperature_2m,weather_code,wind_speed_10m&hourly=temperature_2m,weather_code,rain,wind_speed_10m&daily=temperature_2m_max,rain_sum,weather_code&timezone=auto&forecast_hours=6&forecast_days=6 "HTTP/1.1 200 OK"
2026-05-03 00:10:44 - INFO - HTTP Request: GET https://archive-api.open-meteo.com/v1/archive?latitude=55.740384&longitude=37.441293&start_date=2026-04-26&end_date=2026-05-02&hourly=rain&timezone=auto "HTTP/1.1 200 OK"
2026-05-03 00:10:45 - INFO - GET /sw.js - 304 (0.00ё)
2026-05-03 00:10:45 - INFO - HTTP Request: GET https://api.open-meteo.com/v1/forecast?latitude=55.438771&longitude=37.504228&current=temperature_2m,weather_code,wind_speed_10m&hourly=temperature_2m,weather_code,rain,wind_speed_10m&daily=temperature_2m_max,rain_sum,weather_code&timezone=auto&forecast_hours=6&forecast_days=6 "HTTP/1.1 200 OK"
2026-05-03 00:10:45 - INFO - HTTP Request: GET https://archive-api.open-meteo.com/v1/archive?latitude=55.438771&longitude=37.504228&start_date=2026-04-26&end_date=2026-05-02&hourly=rain&timezone=auto "HTTP/1.1 200 OK"
2026-05-03 00:10:46 - INFO - HTTP Request: GET https://api.open-meteo.com/v1/forecast?latitude=55.567215&longitude=37.539429&current=temperature_2m,weather_code,wind_speed_10m&hourly=temperature_2m,weather_code,rain,wind_speed_10m&daily=temperature_2m_max,rain_sum,weather_code&timezone=auto&forecast_hours=6&forecast_days=6 "HTTP/1.1 200 OK"
2026-05-03 00:10:46 - INFO - HTTP Request: GET https://archive-api.open-meteo.com/v1/archive?latitude=55.567215&longitude=37.539429&start_date=2026-04-26&end_date=2026-05-02&hourly=rain&timezone=auto "HTTP/1.1 200 OK"
2026-05-03 00:10:47 - INFO - HTTP Request: GET https://api.open-meteo.com/v1/forecast?latitude=54.831991&longitude=38.125463&current=temperature_2m,weather_code,wind_speed_10m&hourly=temperature_2m,weather_code,rain,wind_speed_10m&daily=temperature_2m_max,rain_sum,weather_code&timezone=auto&forecast_hours=6&forecast_days=6 "HTTP/1.1 200 OK"
2026-05-03 00:10:47 - INFO - HTTP Request: GET https://archive-api.open-meteo.com/v1/archive?latitude=54.831991&longitude=38.125463&start_date=2026-04-26&end_date=2026-05-02&hourly=rain&timezone=auto "HTTP/1.1 200 OK"
2026-05-03 00:10:47 - INFO - GET /api/weather/mtb_parks - 200 (4.50ё)
2026-05-03 00:22:34 - INFO - ==================================================
2026-05-03 00:22:34 - INFO -   \U0001f6b5 ╠╥┴ ╧рЁъш 2.0 (Python) Ч ёхЁтхЁ чряґїхэ
2026-05-03 00:22:34 - INFO -   \U0001f310 http://localhost:8000
2026-05-03 00:22:34 - INFO -   \U0001f4e1 API: http://localhost:8000/api/weather/all
2026-05-03 00:22:34 - INFO - ==================================================
2026-05-03 00:22:37 - INFO - HTTP Request: GET https://api.open-meteo.com/v1/forecast?latitude=55.740384&longitude=37.441293&current=temperature_2m,weather_code,wind_speed_10m&hourly=temperature_2m,weather_code,rain,wind_speed_10m&daily=temperature_2m_max,rain_sum,weather_code&timezone=auto&forecast_hours=6&forecast_days=6 "HTTP/1.1 200 OK"
2026-05-03 00:22:37 - INFO - HTTP Request: GET https://archive-api.open-meteo.com/v1/archive?latitude=55.740384&longitude=37.441293&start_date=2026-04-26&end_date=2026-05-02&hourly=rain&timezone=auto "HTTP/1.1 200 OK"
2026-05-03 00:22:38 - INFO - GET /manifest.json - 200 (0.04ё)
2026-05-03 00:22:38 - INFO - HTTP Request: GET https://api.open-meteo.com/v1/forecast?latitude=55.438771&longitude=37.504228&current=temperature_2m,weather_code,wind_speed_10m&hourly=temperature_2m,weather_code,rain,wind_speed_10m&daily=temperature_2m_max,rain_sum,weather_code&timezone=auto&forecast_hours=6&forecast_days=6 "HTTP/1.1 200 OK"
2026-05-03 00:22:38 - INFO - HTTP Request: GET https://archive-api.open-meteo.com/v1/archive?latitude=55.438771&longitude=37.504228&start_date=2026-04-26&end_date=2026-05-02&hourly=rain&timezone=auto "HTTP/1.1 200 OK"
2026-05-03 00:22:39 - INFO - HTTP Request: GET https://api.open-meteo.com/v1/forecast?latitude=55.567215&longitude=37.539429&current=temperature_2m,weather_code,wind_speed_10m&hourly=temperature_2m,weather_code,rain,wind_speed_10m&daily=temperature_2m_max,rain_sum,weather_code&timezone=auto&forecast_hours=6&forecast_days=6 "HTTP/1.1 200 OK"
2026-05-03 00:22:40 - INFO - HTTP Request: GET https://archive-api.open-meteo.com/v1/archive?latitude=55.567215&longitude=37.539429&start_date=2026-04-26&end_date=2026-05-02&hourly=rain&timezone=auto "HTTP/1.1 200 OK"
2026-05-03 00:22:40 - INFO - HTTP Request: GET https://api.open-meteo.com/v1/forecast?latitude=54.831991&longitude=38.125463&current=temperature_2m,weather_code,wind_speed_10m&hourly=temperature_2m,weather_code,rain,wind_speed_10m&daily=temperature_2m_max,rain_sum,weather_code&timezone=auto&forecast_hours=6&forecast_days=6 "HTTP/1.1 200 OK"
2026-05-03 00:22:41 - INFO - HTTP Request: GET https://archive-api.open-meteo.com/v1/archive?latitude=54.831991&longitude=38.125463&start_date=2026-04-26&end_date=2026-05-02&hourly=rain&timezone=auto "HTTP/1.1 200 OK"
2026-05-03 00:22:41 - INFO - GET /api/weather/mtb_parks - 200 (4.55ё)
2026-05-03 00:22:41 - INFO - GET /favicon.ico - 404 (0.00ё)
2026-05-03 00:22:42 - INFO - GET /sw.js - 304 (0.00ё)
2026-05-03 00:41:26 - INFO - GET /favicon.ico - 404 (0.01ё)
2026-05-03 14:40:24 - INFO - ==================================================
2026-05-03 14:40:24 - INFO -   \U0001f6b5 ╠╥┴ ╧рЁъш 2.0 (Python) Ч ёхЁтхЁ чряґїхэ
2026-05-03 14:40:24 - INFO -   \U0001f310 http://localhost:8000
2026-05-03 14:40:24 - INFO -   \U0001f4e1 API: http://localhost:8000/api/weather/all
2026-05-03 14:40:24 - INFO - ==================================================
2026-05-03 14:40:28 - INFO - GET / - 304 (0.04ё)
2026-05-03 14:40:28 - INFO - GET /css/style.css - 304 (0.00ё)
2026-05-03 14:40:28 - INFO - GET /js/app.js - 304 (0.00ё)
2026-05-03 14:40:29 - INFO - GET /manifest.json - 304 (0.00ё)
2026-05-03 14:40:29 - INFO - GET /manifest.json - 200 (0.00ё)
2026-05-03 14:40:29 - INFO - GET /favicon.ico - 404 (0.01ё)
2026-05-03 14:40:29 - INFO - GET /icons/icon.svg - 304 (0.00ё)
2026-05-03 14:40:29 - INFO - HTTP Request: GET https://api.open-meteo.com/v1/forecast?latitude=55.740384&longitude=37.441293&current=temperature_2m,weather_code,wind_speed_10m&hourly=temperature_2m,weather_code,rain,wind_speed_10m&daily=temperature_2m_max,rain_sum,weather_code&timezone=auto&forecast_hours=6&forecast_days=6 "HTTP/1.1 200 OK"
2026-05-03 14:40:30 - INFO - HTTP Request: GET https://archive-api.open-meteo.com/v1/archive?latitude=55.740384&longitude=37.441293&start_date=2026-04-26&end_date=2026-05-02&hourly=rain&timezone=auto "HTTP/1.1 200 OK"
2026-05-03 14:40:30 - INFO - HTTP Request: GET https://api.open-meteo.com/v1/forecast?latitude=55.438771&longitude=37.504228&current=temperature_2m,weather_code,wind_speed_10m&hourly=temperature_2m,weather_code,rain,wind_speed_10m&daily=temperature_2m_max,rain_sum,weather_code&timezone=auto&forecast_hours=6&forecast_days=6 "HTTP/1.1 200 OK"
2026-05-03 14:40:31 - INFO - GET /sw.js - 200 (0.00ё)
2026-05-03 14:40:31 - INFO - HTTP Request: GET https://archive-api.open-meteo.com/v1/archive?latitude=55.438771&longitude=37.504228&start_date=2026-04-26&end_date=2026-05-02&hourly=rain&timezone=auto "HTTP/1.1 200 OK"
2026-05-03 14:40:31 - INFO - HTTP Request: GET https://api.open-meteo.com/v1/forecast?latitude=55.567215&longitude=37.539429&current=temperature_2m,weather_code,wind_speed_10m&hourly=temperature_2m,weather_code,rain,wind_speed_10m&daily=temperature_2m_max,rain_sum,weather_code&timezone=auto&forecast_hours=6&forecast_days=6 "HTTP/1.1 200 OK"
2026-05-03 14:40:32 - INFO - HTTP Request: GET https://archive-api.open-meteo.com/v1/archive?latitude=55.567215&longitude=37.539429&start_date=2026-04-26&end_date=2026-05-02&hourly=rain&timezone=auto "HTTP/1.1 200 OK"
2026-05-03 14:40:33 - INFO - HTTP Request: GET https://api.open-meteo.com/v1/forecast?latitude=54.831991&longitude=38.125463&current=temperature_2m,weather_code,wind_speed_10m&hourly=temperature_2m,weather_code,rain,wind_speed_10m&daily=temperature_2m_max,rain_sum,weather_code&timezone=auto&forecast_hours=6&forecast_days=6 "HTTP/1.1 200 OK"
2026-05-03 14:40:33 - INFO - HTTP Request: GET https://archive-api.open-meteo.com/v1/archive?latitude=54.831991&longitude=38.125463&start_date=2026-04-26&end_date=2026-05-02&hourly=rain&timezone=auto "HTTP/1.1 200 OK"
2026-05-03 14:40:33 - INFO - GET /api/weather/mtb_parks - 200 (4.61ё)
2026-05-03 14:40:53 - INFO - HTTP Request: GET https://api.open-meteo.com/v1/forecast?latitude=43.562085&longitude=41.18773&current=temperature_2m,weather_code,wind_speed_10m&hourly=temperature_2m,weather_code,rain,wind_speed_10m&daily=temperature_2m_max,rain_sum,weather_code&timezone=auto&forecast_hours=6&forecast_days=6 "HTTP/1.1 200 OK"
2026-05-03 14:40:54 - INFO - HTTP Request: GET https://archive-api.open-meteo.com/v1/archive?latitude=43.562085&longitude=41.18773&start_date=2026-04-26&end_date=2026-05-02&hourly=rain&timezone=auto "HTTP/1.1 200 OK"
2026-05-03 14:40:54 - INFO - HTTP Request: GET https://api.open-meteo.com/v1/forecast?latitude=44.704571&longitude=38.539443&current=temperature_2m,weather_code,wind_speed_10m&hourly=temperature_2m,weather_code,rain,wind_speed_10m&daily=temperature_2m_max,rain_sum,weather_code&timezone=auto&forecast_hours=6&forecast_days=6 "HTTP/1.1 200 OK"
2026-05-03 14:40:55 - INFO - HTTP Request: GET https://archive-api.open-meteo.com/v1/archive?latitude=44.704571&longitude=38.539443&start_date=2026-04-26&end_date=2026-05-02&hourly=rain&timezone=auto "HTTP/1.1 200 OK"
2026-05-03 14:40:56 - INFO - HTTP Request: GET https://api.open-meteo.com/v1/forecast?latitude=56.196307&longitude=43.840789&current=temperature_2m,weather_code,wind_speed_10m&hourly=temperature_2m,weather_code,rain,wind_speed_10m&daily=temperature_2m_max,rain_sum,weather_code&timezone=auto&forecast_hours=6&forecast_days=6 "HTTP/1.1 200 OK"
2026-05-03 14:40:56 - INFO - HTTP Request: GET https://archive-api.open-meteo.com/v1/archive?latitude=56.196307&longitude=43.840789&start_date=2026-04-26&end_date=2026-05-02&hourly=rain&timezone=auto "HTTP/1.1 200 OK"
2026-05-03 14:40:56 - INFO - GET /api/weather/mtb_mountains - 200 (3.51ё)
2026-05-03 14:41:14 - INFO - GET /api/weather/mtb_parks - 200 (0.01ё)
2026-05-03 14:41:16 - INFO - GET /sw.js - 304 (0.00ё)
2026-05-03 14:41:36 - INFO - GET / - 304 (0.00ё)
2026-05-03 14:41:36 - INFO - GET /api/weather/mtb_parks - 200 (0.01ё)
2026-05-03 14:41:37 - INFO - GET /manifest.json - 200 (0.00ё)
2026-05-03 14:41:38 - INFO - GET /api/weather/mtb_mountains - 200 (0.01ё)
2026-05-03 14:41:38 - INFO - GET /sw.js - 304 (0.00ё)
2026-05-03 14:42:50 - INFO - GET /api/weather/mtb_mountains - 200 (0.01ё)
2026-05-03 14:42:51 - INFO - GET /sw.js - 304 (0.00ё)
2026-05-03 14:48:14 - INFO - ==================================================
2026-05-03 14:48:14 - INFO -   \U0001f6b5 ╠╥┴ ╧рЁъш 2.0 (Python) Ч ёхЁтхЁ чряґїхэ
2026-05-03 14:48:14 - INFO -   \U0001f310 http://localhost:8000
2026-05-03 14:48:14 - INFO -   \U0001f4e1 API: http://localhost:8000/api/weather/all
2026-05-03 14:48:14 - INFO - ==================================================
2026-05-03 14:48:19 - INFO - GET / - 304 (0.04ё)
2026-05-03 14:48:20 - INFO - GET /manifest.json - 200 (0.00ё)
2026-05-03 14:48:20 - INFO - HTTP Request: GET https://api.open-meteo.com/v1/forecast?latitude=55.740384&longitude=37.441293&current=temperature_2m,weather_code,wind_speed_10m&hourly=temperature_2m,weather_code,rain,wind_speed_10m&daily=temperature_2m_max,rain_sum,weather_code&timezone=auto&forecast_hours=6&forecast_days=6 "HTTP/1.1 200 OK"
2026-05-03 14:48:21 - INFO - HTTP Request: GET https://archive-api.open-meteo.com/v1/archive?latitude=55.740384&longitude=37.441293&start_date=2026-04-26&end_date=2026-05-02&hourly=rain&timezone=auto "HTTP/1.1 200 OK"
2026-05-03 14:48:21 - INFO - GET /sw.js - 304 (0.00ё)
2026-05-03 14:48:21 - INFO - HTTP Request: GET https://api.open-meteo.com/v1/forecast?latitude=55.438771&longitude=37.504228&current=temperature_2m,weather_code,wind_speed_10m&hourly=temperature_2m,weather_code,rain,wind_speed_10m&daily=temperature_2m_max,rain_sum,weather_code&timezone=auto&forecast_hours=6&forecast_days=6 "HTTP/1.1 200 OK"
2026-05-03 14:48:22 - INFO - HTTP Request: GET https://archive-api.open-meteo.com/v1/archive?latitude=55.438771&longitude=37.504228&start_date=2026-04-26&end_date=2026-05-02&hourly=rain&timezone=auto "HTTP/1.1 200 OK"
2026-05-03 14:48:22 - INFO - HTTP Request: GET https://api.open-meteo.com/v1/forecast?latitude=55.567215&longitude=37.539429&current=temperature_2m,weather_code,wind_speed_10m&hourly=temperature_2m,weather_code,rain,wind_speed_10m&daily=temperature_2m_max,rain_sum,weather_code&timezone=auto&forecast_hours=6&forecast_days=6 "HTTP/1.1 200 OK"
2026-05-03 14:48:23 - INFO - HTTP Request: GET https://archive-api.open-meteo.com/v1/archive?latitude=55.567215&longitude=37.539429&start_date=2026-04-26&end_date=2026-05-02&hourly=rain&timezone=auto "HTTP/1.1 200 OK"
2026-05-03 14:48:23 - INFO - HTTP Request: GET https://api.open-meteo.com/v1/forecast?latitude=54.831991&longitude=38.125463&current=temperature_2m,weather_code,wind_speed_10m&hourly=temperature_2m,weather_code,rain,wind_speed_10m&daily=temperature_2m_max,rain_sum,weather_code&timezone=auto&forecast_hours=6&forecast_days=6 "HTTP/1.1 200 OK"
2026-05-03 14:48:24 - INFO - HTTP Request: GET https://archive-api.open-meteo.com/v1/archive?latitude=54.831991&longitude=38.125463&start_date=2026-04-26&end_date=2026-05-02&hourly=rain&timezone=auto "HTTP/1.1 200 OK"
2026-05-03 14:48:24 - INFO - GET /api/weather/mtb_parks - 200 (4.42ё)
2026-05-03 14:48:34 - INFO - HTTP Request: GET https://api.open-meteo.com/v1/forecast?latitude=43.562085&longitude=41.18773&current=temperature_2m,weather_code,wind_speed_10m&hourly=temperature_2m,weather_code,rain,wind_speed_10m&daily=temperature_2m_max,rain_sum,weather_code&timezone=auto&forecast_hours=6&forecast_days=6 "HTTP/1.1 200 OK"
2026-05-03 14:48:34 - INFO - HTTP Request: GET https://archive-api.open-meteo.com/v1/archive?latitude=43.562085&longitude=41.18773&start_date=2026-04-26&end_date=2026-05-02&hourly=rain&timezone=auto "HTTP/1.1 200 OK"
2026-05-03 14:48:35 - INFO - HTTP Request: GET https://api.open-meteo.com/v1/forecast?latitude=44.704571&longitude=38.539443&current=temperature_2m,weather_code,wind_speed_10m&hourly=temperature_2m,weather_code,rain,wind_speed_10m&daily=temperature_2m_max,rain_sum,weather_code&timezone=auto&forecast_hours=6&forecast_days=6 "HTTP/1.1 200 OK"
2026-05-03 14:48:35 - INFO - HTTP Request: GET https://archive-api.open-meteo.com/v1/archive?latitude=44.704571&longitude=38.539443&start_date=2026-04-26&end_date=2026-05-02&hourly=rain&timezone=auto "HTTP/1.1 200 OK"
2026-05-03 14:48:36 - INFO - HTTP Request: GET https://api.open-meteo.com/v1/forecast?latitude=56.196307&longitude=43.840789&current=temperature_2m,weather_code,wind_speed_10m&hourly=temperature_2m,weather_code,rain,wind_speed_10m&daily=temperature_2m_max,rain_sum,weather_code&timezone=auto&forecast_hours=6&forecast_days=6 "HTTP/1.1 200 OK"
2026-05-03 14:48:37 - INFO - HTTP Request: GET https://archive-api.open-meteo.com/v1/archive?latitude=56.196307&longitude=43.840789&start_date=2026-04-26&end_date=2026-05-02&hourly=rain&timezone=auto "HTTP/1.1 200 OK"
2026-05-03 14:48:37 - INFO - GET /api/weather/mtb_mountains - 200 (3.33ё)
2026-05-03 14:48:41 - INFO - GET / - 304 (0.00ё)
2026-05-03 14:48:41 - INFO - GET /api/weather/mtb_parks - 200 (0.01ё)
2026-05-03 14:48:41 - INFO - GET /manifest.json - 200 (0.01ё)
2026-05-03 14:48:42 - INFO - GET /sw.js - 304 (0.00ё)
2026-05-03 14:48:43 - INFO - GET / - 304 (0.00ё)
2026-05-03 14:48:43 - INFO - GET /api/weather/mtb_parks - 200 (0.01ё)
2026-05-03 14:48:43 - INFO - GET /manifest.json - 200 (0.01ё)
2026-05-03 14:48:44 - INFO - GET /api/weather/mtb_mountains - 200 (0.01ё)
2026-05-03 14:48:44 - INFO - GET /sw.js - 304 (0.00ё)
2026-05-03 14:48:46 - INFO - HTTP Request: GET https://api.open-meteo.com/v1/forecast?latitude=55.625555&longitude=37.587399&current=temperature_2m,weather_code,wind_speed_10m&hourly=temperature_2m,weather_code,rain,wind_speed_10m&daily=temperature_2m_max,rain_sum,weather_code&timezone=auto&forecast_hours=6&forecast_days=6 "HTTP/1.1 200 OK"
2026-05-03 14:48:46 - INFO - HTTP Request: GET https://archive-api.open-meteo.com/v1/archive?latitude=55.625555&longitude=37.587399&start_date=2026-04-26&end_date=2026-05-02&hourly=rain&timezone=auto "HTTP/1.1 200 OK"
2026-05-03 14:48:47 - INFO - HTTP Request: GET https://api.open-meteo.com/v1/forecast?latitude=55.597198&longitude=37.580849&current=temperature_2m,weather_code,wind_speed_10m&hourly=temperature_2m,weather_code,rain,wind_speed_10m&daily=temperature_2m_max,rain_sum,weather_code&timezone=auto&forecast_hours=6&forecast_days=6 "HTTP/1.1 200 OK"
2026-05-03 14:48:47 - INFO - HTTP Request: GET https://archive-api.open-meteo.com/v1/archive?latitude=55.597198&longitude=37.580849&start_date=2026-04-26&end_date=2026-05-02&hourly=rain&timezone=auto "HTTP/1.1 200 OK"
2026-05-03 14:48:47 - INFO - GET /api/weather/pamps - 200 (2.17ё)
2026-05-03 14:48:48 - INFO - GET /api/weather/mtb_mountains - 200 (0.01ё)
2026-05-03 14:49:10 - INFO - GET /api/weather/mtb_parks - 200 (0.01ё)
2026-05-03 14:49:12 - INFO - GET /sw.js - 304 (0.00ё)
2026-05-03 14:49:34 - INFO - GET /api/weather/mtb_mountains - 200 (0.01ё)
2026-05-03 14:49:36 - INFO - GET /sw.js - 304 (0.00ё)
2026-05-03 14:51:13 - INFO - ==================================================
2026-05-03 14:51:13 - INFO -   \U0001f6b5 ╠╥┴ ╧рЁъш 2.0 (Python) Ч ёхЁтхЁ чряґїхэ
2026-05-03 14:51:13 - INFO -   \U0001f310 http://localhost:8000
2026-05-03 14:51:13 - INFO -   \U0001f4e1 API: http://localhost:8000/api/weather/all
2026-05-03 14:51:13 - INFO - ==================================================
2026-05-03 14:51:18 - INFO - GET / - 304 (0.04ё)
2026-05-03 14:51:18 - INFO - GET /manifest.json - 200 (0.00ё)
2026-05-03 14:51:18 - INFO - HTTP Request: GET https://api.open-meteo.com/v1/forecast?latitude=55.740384&longitude=37.441293&current=temperature_2m,weather_code,wind_speed_10m&hourly=temperature_2m,weather_code,rain,wind_speed_10m&daily=temperature_2m_max,rain_sum,weather_code&timezone=auto&forecast_hours=6&forecast_days=6 "HTTP/1.1 200 OK"
2026-05-03 14:51:19 - INFO - HTTP Request: GET https://archive-api.open-meteo.com/v1/archive?latitude=55.740384&longitude=37.441293&start_date=2026-04-26&end_date=2026-05-02&hourly=rain&timezone=auto "HTTP/1.1 200 OK"
2026-05-03 14:51:19 - INFO - GET /sw.js - 304 (0.00ё)
2026-05-03 14:51:20 - INFO - HTTP Request: GET https://api.open-meteo.com/v1/forecast?latitude=55.438771&longitude=37.504228&current=temperature_2m,weather_code,wind_speed_10m&hourly=temperature_2m,weather_code,rain,wind_speed_10m&daily=temperature_2m_max,rain_sum,weather_code&timezone=auto&forecast_hours=6&forecast_days=6 "HTTP/1.1 200 OK"
2026-05-03 14:51:20 - INFO - HTTP Request: GET https://archive-api.open-meteo.com/v1/archive?latitude=55.438771&longitude=37.504228&start_date=2026-04-26&end_date=2026-05-02&hourly=rain&timezone=auto "HTTP/1.1 200 OK"
2026-05-03 14:51:21 - INFO - HTTP Request: GET https://api.open-meteo.com/v1/forecast?latitude=55.567215&longitude=37.539429&current=temperature_2m,weather_code,wind_speed_10m&hourly=temperature_2m,weather_code,rain,wind_speed_10m&daily=temperature_2m_max,rain_sum,weather_code&timezone=auto&forecast_hours=6&forecast_days=6 "HTTP/1.1 200 OK"
2026-05-03 14:51:21 - INFO - HTTP Request: GET https://archive-api.open-meteo.com/v1/archive?latitude=55.567215&longitude=37.539429&start_date=2026-04-26&end_date=2026-05-02&hourly=rain&timezone=auto "HTTP/1.1 200 OK"
2026-05-03 14:51:22 - INFO - HTTP Request: GET https://api.open-meteo.com/v1/forecast?latitude=54.831991&longitude=38.125463&current=temperature_2m,weather_code,wind_speed_10m&hourly=temperature_2m,weather_code,rain,wind_speed_10m&daily=temperature_2m_max,rain_sum,weather_code&timezone=auto&forecast_hours=6&forecast_days=6 "HTTP/1.1 200 OK"
2026-05-03 14:51:22 - INFO - HTTP Request: GET https://archive-api.open-meteo.com/v1/archive?latitude=54.831991&longitude=38.125463&start_date=2026-04-26&end_date=2026-05-02&hourly=rain&timezone=auto "HTTP/1.1 200 OK"
2026-05-03 14:51:22 - INFO - GET /api/weather/mtb_parks - 200 (4.39ё)
2026-05-03 14:51:28 - INFO - HTTP Request: GET https://api.open-meteo.com/v1/forecast?latitude=43.562085&longitude=41.18773&current=temperature_2m,weather_code,wind_speed_10m&hourly=temperature_2m,weather_code,rain,wind_speed_10m&daily=temperature_2m_max,rain_sum,weather_code&timezone=auto&forecast_hours=6&forecast_days=6 "HTTP/1.1 200 OK"
2026-05-03 14:51:29 - INFO - HTTP Request: GET https://archive-api.open-meteo.com/v1/archive?latitude=43.562085&longitude=41.18773&start_date=2026-04-26&end_date=2026-05-02&hourly=rain&timezone=auto "HTTP/1.1 200 OK"
2026-05-03 14:51:29 - INFO - HTTP Request: GET https://api.open-meteo.com/v1/forecast?latitude=44.704571&longitude=38.539443&current=temperature_2m,weather_code,wind_speed_10m&hourly=temperature_2m,weather_code,rain,wind_speed_10m&daily=temperature_2m_max,rain_sum,weather_code&timezone=auto&forecast_hours=6&forecast_days=6 "HTTP/1.1 200 OK"
2026-05-03 14:51:30 - INFO - HTTP Request: GET https://archive-api.open-meteo.com/v1/archive?latitude=44.704571&longitude=38.539443&start_date=2026-04-26&end_date=2026-05-02&hourly=rain&timezone=auto "HTTP/1.1 200 OK"
2026-05-03 14:51:30 - INFO - HTTP Request: GET https://api.open-meteo.com/v1/forecast?latitude=56.196307&longitude=43.840789&current=temperature_2m,weather_code,wind_speed_10m&hourly=temperature_2m,weather_code,rain,wind_speed_10m&daily=temperature_2m_max,rain_sum,weather_code&timezone=auto&forecast_hours=6&forecast_days=6 "HTTP/1.1 200 OK"
2026-05-03 14:51:31 - INFO - HTTP Request: GET https://archive-api.open-meteo.com/v1/archive?latitude=56.196307&longitude=43.840789&start_date=2026-04-26&end_date=2026-05-02&hourly=rain&timezone=auto "HTTP/1.1 200 OK"
2026-05-03 14:51:31 - INFO - GET /api/weather/mtb_mountains - 200 (3.24ё)
2026-05-03 14:51:34 - INFO - GET / - 200 (0.00ё)
2026-05-03 14:51:34 - INFO - GET /manifest.json - 200 (0.00ё)
2026-05-03 14:51:34 - INFO - GET /css/style.css - 200 (0.00ё)
2026-05-03 14:51:34 - INFO - GET /js/app.js - 200 (0.00ё)
2026-05-03 14:51:34 - INFO - GET /api/weather/mtb_parks - 200 (0.01ё)
2026-05-03 14:51:34 - INFO - GET /favicon.ico - 404 (0.00ё)
2026-05-03 14:51:35 - INFO - GET /api/weather/mtb_mountains - 200 (0.01ё)
2026-05-03 14:51:37 - INFO - GET /api/weather/mtb_mountains - 200 (0.01ё)
2026-05-03 14:51:37 - INFO - HTTP Request: GET https://api.open-meteo.com/v1/forecast?latitude=55.625555&longitude=37.587399&current=temperature_2m,weather_code,wind_speed_10m&hourly=temperature_2m,weather_code,rain,wind_speed_10m&daily=temperature_2m_max,rain_sum,weather_code&timezone=auto&forecast_hours=6&forecast_days=6 "HTTP/1.1 200 OK"
2026-05-03 14:51:38 - INFO - HTTP Request: GET https://archive-api.open-meteo.com/v1/archive?latitude=55.625555&longitude=37.587399&start_date=2026-04-26&end_date=2026-05-02&hourly=rain&timezone=auto "HTTP/1.1 200 OK"
2026-05-03 14:51:38 - INFO - HTTP Request: GET https://api.open-meteo.com/v1/forecast?latitude=55.597198&longitude=37.580849&current=temperature_2m,weather_code,wind_speed_10m&hourly=temperature_2m,weather_code,rain,wind_speed_10m&daily=temperature_2m_max,rain_sum,weather_code&timezone=auto&forecast_hours=6&forecast_days=6 "HTTP/1.1 200 OK"
2026-05-03 14:51:39 - INFO - HTTP Request: GET https://archive-api.open-meteo.com/v1/archive?latitude=55.597198&longitude=37.580849&start_date=2026-04-26&end_date=2026-05-02&hourly=rain&timezone=auto "HTTP/1.1 200 OK"
2026-05-03 14:51:39 - INFO - GET /api/weather/pamps - 200 (2.47ё)
2026-05-03 14:51:39 - INFO - GET /api/weather/pamps - 200 (0.01ё)
2026-05-03 14:51:39 - INFO - GET /api/weather/mtb_mountains - 200 (0.01ё)
2026-05-03 14:51:40 - INFO - GET /api/weather/mtb_parks - 200 (0.01ё)
2026-05-03 14:51:50 - INFO - GET /api/weather/mtb_mountains - 200 (0.01ё)
2026-05-03 14:51:52 - INFO - GET /sw.js - 304 (0.00ё)
2026-05-03 14:53:56 - INFO - ==================================================
2026-05-03 14:53:56 - INFO -   \U0001f6b5 ╠╥┴ ╧рЁъш 2.0 (Python) Ч ёхЁтхЁ чряґїхэ
2026-05-03 14:53:56 - INFO -   \U0001f310 http://localhost:8000
2026-05-03 14:53:56 - INFO -   \U0001f4e1 API: http://localhost:8000/api/weather/all
2026-05-03 14:53:56 - INFO - ==================================================
2026-05-03 14:54:08 - INFO - GET / - 304 (0.05ё)
2026-05-03 14:54:08 - INFO - GET /manifest.json - 200 (0.00ё)
2026-05-03 14:54:09 - INFO - HTTP Request: GET https://api.open-meteo.com/v1/forecast?latitude=55.740384&longitude=37.441293&current=temperature_2m,weather_code,wind_speed_10m&hourly=temperature_2m,weather_code,rain,wind_speed_10m&daily=temperature_2m_max,rain_sum,weather_code&timezone=auto&forecast_hours=6&forecast_days=6 "HTTP/1.1 200 OK"
2026-05-03 14:54:09 - INFO - HTTP Request: GET https://archive-api.open-meteo.com/v1/archive?latitude=55.740384&longitude=37.441293&start_date=2026-04-26&end_date=2026-05-02&hourly=rain&timezone=auto "HTTP/1.1 200 OK"
2026-05-03 14:54:10 - INFO - GET /sw.js - 304 (0.00ё)
2026-05-03 14:54:10 - INFO - HTTP Request: GET https://api.open-meteo.com/v1/forecast?latitude=55.438771&longitude=37.504228&current=temperature_2m,weather_code,wind_speed_10m&hourly=temperature_2m,weather_code,rain,wind_speed_10m&daily=temperature_2m_max,rain_sum,weather_code&timezone=auto&forecast_hours=6&forecast_days=6 "HTTP/1.1 200 OK"
2026-05-03 14:54:10 - INFO - HTTP Request: GET https://archive-api.open-meteo.com/v1/archive?latitude=55.438771&longitude=37.504228&start_date=2026-04-26&end_date=2026-05-02&hourly=rain&timezone=auto "HTTP/1.1 200 OK"
2026-05-03 14:54:11 - INFO - HTTP Request: GET https://api.open-meteo.com/v1/forecast?latitude=55.567215&longitude=37.539429&current=temperature_2m,weather_code,wind_speed_10m&hourly=temperature_2m,weather_code,rain,wind_speed_10m&daily=temperature_2m_max,rain_sum,weather_code&timezone=auto&forecast_hours=6&forecast_days=6 "HTTP/1.1 200 OK"
2026-05-03 14:54:11 - INFO - HTTP Request: GET https://archive-api.open-meteo.com/v1/archive?latitude=55.567215&longitude=37.539429&start_date=2026-04-26&end_date=2026-05-02&hourly=rain&timezone=auto "HTTP/1.1 200 OK"
2026-05-03 14:54:12 - INFO - HTTP Request: GET https://api.open-meteo.com/v1/forecast?latitude=54.831991&longitude=38.125463&current=temperature_2m,weather_code,wind_speed_10m&hourly=temperature_2m,weather_code,rain,wind_speed_10m&daily=temperature_2m_max,rain_sum,weather_code&timezone=auto&forecast_hours=6&forecast_days=6 "HTTP/1.1 200 OK"
2026-05-03 14:54:13 - INFO - HTTP Request: GET https://archive-api.open-meteo.com/v1/archive?latitude=54.831991&longitude=38.125463&start_date=2026-04-26&end_date=2026-05-02&hourly=rain&timezone=auto "HTTP/1.1 200 OK"
2026-05-03 14:54:13 - INFO - GET /api/weather/mtb_parks - 200 (4.41ё)
2026-05-03 14:54:14 - INFO - HTTP Request: GET https://api.open-meteo.com/v1/forecast?latitude=43.562085&longitude=41.18773&current=temperature_2m,weather_code,wind_speed_10m&hourly=temperature_2m,weather_code,rain,wind_speed_10m&daily=temperature_2m_max,rain_sum,weather_code&timezone=auto&forecast_hours=6&forecast_days=6 "HTTP/1.1 200 OK"
2026-05-03 14:54:14 - INFO - HTTP Request: GET https://archive-api.open-meteo.com/v1/archive?latitude=43.562085&longitude=41.18773&start_date=2026-04-26&end_date=2026-05-02&hourly=rain&timezone=auto "HTTP/1.1 200 OK"
2026-05-03 14:54:15 - INFO - HTTP Request: GET https://api.open-meteo.com/v1/forecast?latitude=44.704571&longitude=38.539443&current=temperature_2m,weather_code,wind_speed_10m&hourly=temperature_2m,weather_code,rain,wind_speed_10m&daily=temperature_2m_max,rain_sum,weather_code&timezone=auto&forecast_hours=6&forecast_days=6 "HTTP/1.1 200 OK"
2026-05-03 14:54:15 - INFO - HTTP Request: GET https://archive-api.open-meteo.com/v1/archive?latitude=44.704571&longitude=38.539443&start_date=2026-04-26&end_date=2026-05-02&hourly=rain&timezone=auto "HTTP/1.1 200 OK"
2026-05-03 14:54:16 - INFO - HTTP Request: GET https://api.open-meteo.com/v1/forecast?latitude=56.196307&longitude=43.840789&current=temperature_2m,weather_code,wind_speed_10m&hourly=temperature_2m,weather_code,rain,wind_speed_10m&daily=temperature_2m_max,rain_sum,weather_code&timezone=auto&forecast_hours=6&forecast_days=6 "HTTP/1.1 200 OK"
2026-05-03 14:54:16 - INFO - HTTP Request: GET https://archive-api.open-meteo.com/v1/archive?latitude=56.196307&longitude=43.840789&start_date=2026-04-26&end_date=2026-05-02&hourly=rain&timezone=auto "HTTP/1.1 200 OK"
2026-05-03 14:54:16 - INFO - GET /api/weather/mtb_mountains - 200 (3.29ё)
2026-05-03 14:54:32 - INFO - GET /api/weather/mtb_mountains - 200 (0.01ё)
2026-05-03 14:54:34 - INFO - GET /sw.js - 304 (0.00ё)
2026-05-03 15:00:54 - INFO - ==================================================
2026-05-03 15:00:54 - INFO -   \U0001f6b5 ╠╥┴ ╧рЁъш 2.0 (Python) Ч ёхЁтхЁ чряґїхэ
2026-05-03 15:00:54 - INFO -   \U0001f310 http://localhost:8000
2026-05-03 15:00:54 - INFO -   \U0001f4e1 API: http://localhost:8000/api/weather/all
2026-05-03 15:00:54 - INFO - ==================================================
2026-05-03 15:00:58 - INFO - GET / - 304 (0.05ё)
2026-05-03 15:00:59 - INFO - GET /manifest.json - 200 (0.00ё)
2026-05-03 15:01:00 - INFO - GET /sw.js - 304 (0.00ё)
2026-05-03 15:01:01 - INFO - HTTP Request: GET https://api.open-meteo.com/v1/forecast?latitude=55.740384&longitude=37.441293&current=temperature_2m,weather_code,wind_speed_10m&hourly=temperature_2m,weather_code,rain,wind_speed_10m&daily=temperature_2m_max,rain_sum,weather_code&timezone=UTC&forecast_hours=6&forecast_days=6 "HTTP/1.1 200 OK"
2026-05-03 15:01:02 - INFO - HTTP Request: GET https://archive-api.open-meteo.com/v1/archive?latitude=55.740384&longitude=37.441293&start_date=2026-04-26&end_date=2026-05-02&hourly=rain&timezone=UTC "HTTP/1.1 200 OK"
2026-05-03 15:01:04 - INFO - HTTP Request: GET https://api.open-meteo.com/v1/forecast?latitude=55.438771&longitude=37.504228&current=temperature_2m,weather_code,wind_speed_10m&hourly=temperature_2m,weather_code,rain,wind_speed_10m&daily=temperature_2m_max,rain_sum,weather_code&timezone=UTC&forecast_hours=6&forecast_days=6 "HTTP/1.1 200 OK"
2026-05-03 15:01:05 - INFO - HTTP Request: GET https://archive-api.open-meteo.com/v1/archive?latitude=55.438771&longitude=37.504228&start_date=2026-04-26&end_date=2026-05-02&hourly=rain&timezone=UTC "HTTP/1.1 200 OK"
2026-05-03 15:01:07 - INFO - HTTP Request: GET https://api.open-meteo.com/v1/forecast?latitude=55.567215&longitude=37.539429&current=temperature_2m,weather_code,wind_speed_10m&hourly=temperature_2m,weather_code,rain,wind_speed_10m&daily=temperature_2m_max,rain_sum,weather_code&timezone=UTC&forecast_hours=6&forecast_days=6 "HTTP/1.1 200 OK"
2026-05-03 15:01:08 - INFO - HTTP Request: GET https://archive-api.open-meteo.com/v1/archive?latitude=55.567215&longitude=37.539429&start_date=2026-04-26&end_date=2026-05-02&hourly=rain&timezone=UTC "HTTP/1.1 200 OK"
2026-05-03 15:01:11 - INFO - HTTP Request: GET https://api.open-meteo.com/v1/forecast?latitude=54.831991&longitude=38.125463&current=temperature_2m,weather_code,wind_speed_10m&hourly=temperature_2m,weather_code,rain,wind_speed_10m&daily=temperature_2m_max,rain_sum,weather_code&timezone=UTC&forecast_hours=6&forecast_days=6 "HTTP/1.1 200 OK"
2026-05-03 15:01:12 - INFO - HTTP Request: GET https://archive-api.open-meteo.com/v1/archive?latitude=54.831991&longitude=38.125463&start_date=2026-04-26&end_date=2026-05-02&hourly=rain&timezone=UTC "HTTP/1.1 200 OK"
2026-05-03 15:01:12 - INFO - GET /api/weather/mtb_parks - 200 (13.10ё)
2026-05-03 15:01:18 - INFO - HTTP Request: GET https://api.open-meteo.com/v1/forecast?latitude=43.562085&longitude=41.18773&current=temperature_2m,weather_code,wind_speed_10m&hourly=temperature_2m,weather_code,rain,wind_speed_10m&daily=temperature_2m_max,rain_sum,weather_code&timezone=UTC&forecast_hours=6&forecast_days=6 "HTTP/1.1 200 OK"
2026-05-03 15:01:18 - INFO - HTTP Request: GET https://archive-api.open-meteo.com/v1/archive?latitude=43.562085&longitude=41.18773&start_date=2026-04-26&end_date=2026-05-02&hourly=rain&timezone=UTC "HTTP/1.1 200 OK"
2026-05-03 15:01:21 - INFO - HTTP Request: GET https://api.open-meteo.com/v1/forecast?latitude=44.704571&longitude=38.539443&current=temperature_2m,weather_code,wind_speed_10m&hourly=temperature_2m,weather_code,rain,wind_speed_10m&daily=temperature_2m_max,rain_sum,weather_code&timezone=UTC&forecast_hours=6&forecast_days=6 "HTTP/1.1 200 OK"
2026-05-03 15:01:22 - INFO - HTTP Request: GET https://archive-api.open-meteo.com/v1/archive?latitude=44.704571&longitude=38.539443&start_date=2026-04-26&end_date=2026-05-02&hourly=rain&timezone=UTC "HTTP/1.1 200 OK"
2026-05-03 15:01:24 - INFO - HTTP Request: GET https://api.open-meteo.com/v1/forecast?latitude=56.196307&longitude=43.840789&current=temperature_2m,weather_code,wind_speed_10m&hourly=temperature_2m,weather_code,rain,wind_speed_10m&daily=temperature_2m_max,rain_sum,weather_code&timezone=UTC&forecast_hours=6&forecast_days=6 "HTTP/1.1 200 OK"
2026-05-03 15:01:25 - INFO - HTTP Request: GET https://archive-api.open-meteo.com/v1/archive?latitude=56.196307&longitude=43.840789&start_date=2026-04-26&end_date=2026-05-02&hourly=rain&timezone=UTC "HTTP/1.1 200 OK"
2026-05-03 15:01:25 - INFO - GET /api/weather/mtb_mountains - 200 (9.69ё)
2026-05-03 15:01:30 - INFO - HTTP Request: GET https://api.open-meteo.com/v1/forecast?latitude=55.625555&longitude=37.587399&current=temperature_2m,weather_code,wind_speed_10m&hourly=temperature_2m,weather_code,rain,wind_speed_10m&daily=temperature_2m_max,rain_sum,weather_code&timezone=UTC&forecast_hours=6&forecast_days=6 "HTTP/1.1 200 OK"
2026-05-03 15:01:30 - INFO - HTTP Request: GET https://archive-api.open-meteo.com/v1/archive?latitude=55.625555&longitude=37.587399&start_date=2026-04-26&end_date=2026-05-02&hourly=rain&timezone=UTC "HTTP/1.1 200 OK"
2026-05-03 15:01:33 - INFO - HTTP Request: GET https://api.open-meteo.com/v1/forecast?latitude=55.597198&longitude=37.580849&current=temperature_2m,weather_code,wind_speed_10m&hourly=temperature_2m,weather_code,rain,wind_speed_10m&daily=temperature_2m_max,rain_sum,weather_code&timezone=UTC&forecast_hours=6&forecast_days=6 "HTTP/1.1 200 OK"
2026-05-03 15:01:33 - INFO - HTTP Request: GET https://archive-api.open-meteo.com/v1/archive?latitude=55.597198&longitude=37.580849&start_date=2026-04-26&end_date=2026-05-02&hourly=rain&timezone=UTC "HTTP/1.1 200 OK"
2026-05-03 15:01:33 - INFO - GET /api/weather/pamps - 200 (5.88ё)
2026-05-03 15:01:34 - INFO - GET /api/weather/mtb_mountains - 200 (0.00ё)
2026-05-03 15:02:13 - INFO - ==================================================
2026-05-03 15:02:13 - INFO -   \U0001f6b5 ╠╥┴ ╧рЁъш 2.0 (Python) Ч ёхЁтхЁ чряґїхэ
2026-05-03 15:02:13 - INFO -   \U0001f310 http://localhost:8000
2026-05-03 15:02:13 - INFO -   \U0001f4e1 API: http://localhost:8000/api/weather/all
2026-05-03 15:02:13 - INFO - ==================================================
2026-05-03 15:02:19 - INFO - GET / - 304 (0.04ё)
2026-05-03 15:02:20 - INFO - GET /manifest.json - 200 (0.00ё)
2026-05-03 15:02:20 - INFO - HTTP Request: GET https://api.open-meteo.com/v1/forecast?latitude=55.740384&longitude=37.441293&current=temperature_2m,weather_code,wind_speed_10m&hourly=temperature_2m,weather_code,rain,wind_speed_10m&daily=temperature_2m_max,rain_sum,weather_code&timezone=UTC&forecast_hours=6&forecast_days=6 "HTTP/1.1 200 OK"
2026-05-03 15:02:21 - INFO - GET /sw.js - 304 (0.00ё)
2026-05-03 15:02:21 - INFO - HTTP Request: GET https://archive-api.open-meteo.com/v1/archive?latitude=55.740384&longitude=37.441293&start_date=2026-04-26&end_date=2026-05-02&hourly=rain&timezone=UTC "HTTP/1.1 200 OK"
2026-05-03 15:02:22 - INFO - HTTP Request: GET https://api.open-meteo.com/v1/forecast?latitude=55.438771&longitude=37.504228&current=temperature_2m,weather_code,wind_speed_10m&hourly=temperature_2m,weather_code,rain,wind_speed_10m&daily=temperature_2m_max,rain_sum,weather_code&timezone=UTC&forecast_hours=6&forecast_days=6 "HTTP/1.1 200 OK"
2026-05-03 15:02:22 - INFO - HTTP Request: GET https://archive-api.open-meteo.com/v1/archive?latitude=55.438771&longitude=37.504228&start_date=2026-04-26&end_date=2026-05-02&hourly=rain&timezone=UTC "HTTP/1.1 200 OK"
2026-05-03 15:02:23 - INFO - HTTP Request: GET https://api.open-meteo.com/v1/forecast?latitude=55.567215&longitude=37.539429&current=temperature_2m,weather_code,wind_speed_10m&hourly=temperature_2m,weather_code,rain,wind_speed_10m&daily=temperature_2m_max,rain_sum,weather_code&timezone=UTC&forecast_hours=6&forecast_days=6 "HTTP/1.1 200 OK"
2026-05-03 15:02:24 - INFO - HTTP Request: GET https://archive-api.open-meteo.com/v1/archive?latitude=55.567215&longitude=37.539429&start_date=2026-04-26&end_date=2026-05-02&hourly=rain&timezone=UTC "HTTP/1.1 200 OK"
2026-05-03 15:02:25 - INFO - HTTP Request: GET https://api.open-meteo.com/v1/forecast?latitude=54.831991&longitude=38.125463&current=temperature_2m,weather_code,wind_speed_10m&hourly=temperature_2m,weather_code,rain,wind_speed_10m&daily=temperature_2m_max,rain_sum,weather_code&timezone=UTC&forecast_hours=6&forecast_days=6 "HTTP/1.1 200 OK"
2026-05-03 15:02:25 - INFO - HTTP Request: GET https://archive-api.open-meteo.com/v1/archive?latitude=54.831991&longitude=38.125463&start_date=2026-04-26&end_date=2026-05-02&hourly=rain&timezone=UTC "HTTP/1.1 200 OK"
2026-05-03 15:02:25 - INFO - GET /api/weather/mtb_parks - 200 (6.08ё)
2026-05-03 15:02:30 - INFO - HTTP Request: GET https://api.open-meteo.com/v1/forecast?latitude=43.562085&longitude=41.18773&current=temperature_2m,weather_code,wind_speed_10m&hourly=temperature_2m,weather_code,rain,wind_speed_10m&daily=temperature_2m_max,rain_sum,weather_code&timezone=UTC&forecast_hours=6&forecast_days=6 "HTTP/1.1 200 OK"
2026-05-03 15:02:31 - INFO - HTTP Request: GET https://archive-api.open-meteo.com/v1/archive?latitude=43.562085&longitude=41.18773&start_date=2026-04-26&end_date=2026-05-02&hourly=rain&timezone=UTC "HTTP/1.1 200 OK"
2026-05-03 15:02:32 - INFO - HTTP Request: GET https://api.open-meteo.com/v1/forecast?latitude=44.704571&longitude=38.539443&current=temperature_2m,weather_code,wind_speed_10m&hourly=temperature_2m,weather_code,rain,wind_speed_10m&daily=temperature_2m_max,rain_sum,weather_code&timezone=UTC&forecast_hours=6&forecast_days=6 "HTTP/1.1 200 OK"
2026-05-03 15:02:33 - INFO - HTTP Request: GET https://archive-api.open-meteo.com/v1/archive?latitude=44.704571&longitude=38.539443&start_date=2026-04-26&end_date=2026-05-02&hourly=rain&timezone=UTC "HTTP/1.1 200 OK"
2026-05-03 15:02:33 - INFO - HTTP Request: GET https://api.open-meteo.com/v1/forecast?latitude=56.196307&longitude=43.840789&current=temperature_2m,weather_code,wind_speed_10m&hourly=temperature_2m,weather_code,rain,wind_speed_10m&daily=temperature_2m_max,rain_sum,weather_code&timezone=UTC&forecast_hours=6&forecast_days=6 "HTTP/1.1 200 OK"
2026-05-03 15:02:34 - INFO - HTTP Request: GET https://archive-api.open-meteo.com/v1/archive?latitude=56.196307&longitude=43.840789&start_date=2026-04-26&end_date=2026-05-02&hourly=rain&timezone=UTC "HTTP/1.1 200 OK"
2026-05-03 15:02:34 - INFO - GET /api/weather/mtb_mountains - 200 (4.45ё)
2026-05-03 15:05:33 - INFO - ==================================================
2026-05-03 15:05:33 - INFO -   \U0001f6b5 ╠╥┴ ╧рЁъш 2.0 (Python) Ч ёхЁтхЁ чряґїхэ
2026-05-03 15:05:33 - INFO -   \U0001f310 http://localhost:8000
2026-05-03 15:05:33 - INFO -   \U0001f4e1 API: http://localhost:8000/api/weather/all
2026-05-03 15:05:33 - INFO - ==================================================
2026-05-03 15:05:36 - INFO - GET / - 304 (0.05ё)
2026-05-03 15:05:37 - INFO - GET /manifest.json - 200 (0.00ё)
2026-05-03 15:05:37 - INFO - HTTP Request: GET https://api.open-meteo.com/v1/forecast?latitude=55.740384&longitude=37.441293&current=temperature_2m,weather_code,wind_speed_10m&hourly=temperature_2m,weather_code,rain,wind_speed_10m&daily=temperature_2m_max,rain_sum,weather_code&timezone=UTC&forecast_hours=6&forecast_days=6 "HTTP/1.1 200 OK"
2026-05-03 15:05:38 - INFO - HTTP Request: GET https://archive-api.open-meteo.com/v1/archive?latitude=55.740384&longitude=37.441293&start_date=2026-04-26&end_date=2026-05-02&hourly=rain&timezone=UTC "HTTP/1.1 200 OK"
2026-05-03 15:05:38 - INFO - GET /sw.js - 304 (0.00ё)
2026-05-03 15:05:38 - INFO - HTTP Request: GET https://api.open-meteo.com/v1/forecast?latitude=55.438771&longitude=37.504228&current=temperature_2m,weather_code,wind_speed_10m&hourly=temperature_2m,weather_code,rain,wind_speed_10m&daily=temperature_2m_max,rain_sum,weather_code&timezone=UTC&forecast_hours=6&forecast_days=6 "HTTP/1.1 200 OK"
2026-05-03 15:05:39 - INFO - HTTP Request: GET https://archive-api.open-meteo.com/v1/archive?latitude=55.438771&longitude=37.504228&start_date=2026-04-26&end_date=2026-05-02&hourly=rain&timezone=UTC "HTTP/1.1 200 OK"
2026-05-03 15:05:39 - INFO - HTTP Request: GET https://api.open-meteo.com/v1/forecast?latitude=55.567215&longitude=37.539429&current=temperature_2m,weather_code,wind_speed_10m&hourly=temperature_2m,weather_code,rain,wind_speed_10m&daily=temperature_2m_max,rain_sum,weather_code&timezone=UTC&forecast_hours=6&forecast_days=6 "HTTP/1.1 200 OK"
2026-05-03 15:05:40 - INFO - HTTP Request: GET https://archive-api.open-meteo.com/v1/archive?latitude=55.567215&longitude=37.539429&start_date=2026-04-26&end_date=2026-05-02&hourly=rain&timezone=UTC "HTTP/1.1 200 OK"
2026-05-03 15:05:40 - INFO - HTTP Request: GET https://api.open-meteo.com/v1/forecast?latitude=54.831991&longitude=38.125463&current=temperature_2m,weather_code,wind_speed_10m&hourly=temperature_2m,weather_code,rain,wind_speed_10m&daily=temperature_2m_max,rain_sum,weather_code&timezone=UTC&forecast_hours=6&forecast_days=6 "HTTP/1.1 200 OK"
2026-05-03 15:05:41 - INFO - HTTP Request: GET https://archive-api.open-meteo.com/v1/archive?latitude=54.831991&longitude=38.125463&start_date=2026-04-26&end_date=2026-05-02&hourly=rain&timezone=UTC "HTTP/1.1 200 OK"
2026-05-03 15:05:41 - INFO - GET /api/weather/mtb_parks - 200 (4.46ё)
2026-05-03 15:05:46 - INFO - HTTP Request: GET https://api.open-meteo.com/v1/forecast?latitude=43.562085&longitude=41.18773&current=temperature_2m,weather_code,wind_speed_10m&hourly=temperature_2m,weather_code,rain,wind_speed_10m&daily=temperature_2m_max,rain_sum,weather_code&timezone=UTC&forecast_hours=6&forecast_days=6 "HTTP/1.1 200 OK"
2026-05-03 15:05:47 - INFO - HTTP Request: GET https://archive-api.open-meteo.com/v1/archive?latitude=43.562085&longitude=41.18773&start_date=2026-04-26&end_date=2026-05-02&hourly=rain&timezone=UTC "HTTP/1.1 200 OK"
2026-05-03 15:05:48 - INFO - HTTP Request: GET https://api.open-meteo.com/v1/forecast?latitude=44.704571&longitude=38.539443&current=temperature_2m,weather_code,wind_speed_10m&hourly=temperature_2m,weather_code,rain,wind_speed_10m&daily=temperature_2m_max,rain_sum,weather_code&timezone=UTC&forecast_hours=6&forecast_days=6 "HTTP/1.1 200 OK"
2026-05-03 15:05:48 - INFO - HTTP Request: GET https://archive-api.open-meteo.com/v1/archive?latitude=44.704571&longitude=38.539443&start_date=2026-04-26&end_date=2026-05-02&hourly=rain&timezone=UTC "HTTP/1.1 200 OK"
2026-05-03 15:05:49 - INFO - HTTP Request: GET https://api.open-meteo.com/v1/forecast?latitude=56.196307&longitude=43.840789&current=temperature_2m,weather_code,wind_speed_10m&hourly=temperature_2m,weather_code,rain,wind_speed_10m&daily=temperature_2m_max,rain_sum,weather_code&timezone=UTC&forecast_hours=6&forecast_days=6 "HTTP/1.1 200 OK"
2026-05-03 15:05:49 - INFO - HTTP Request: GET https://archive-api.open-meteo.com/v1/archive?latitude=56.196307&longitude=43.840789&start_date=2026-04-26&end_date=2026-05-02&hourly=rain&timezone=UTC "HTTP/1.1 200 OK"
2026-05-03 15:05:49 - INFO - GET /api/weather/mtb_mountains - 200 (3.35ё)
2026-05-03 15:07:39 - INFO - GET /api/weather/mtb_mountains - 200 (0.01ё)
2026-05-03 15:07:41 - INFO - GET /sw.js - 304 (0.00ё)
2026-05-03 15:11:27 - INFO - GET /api/weather/mtb_parks - 200 (0.01ё)
2026-05-03 15:11:27 - INFO - GET /api/weather/mtb_mountains - 200 (0.01ё)
2026-05-03 15:11:29 - INFO - HTTP Request: GET https://api.open-meteo.com/v1/forecast?latitude=55.625555&longitude=37.587399&current=temperature_2m,weather_code,wind_speed_10m&hourly=temperature_2m,weather_code,rain,wind_speed_10m&daily=temperature_2m_max,rain_sum,weather_code&timezone=UTC&forecast_hours=6&forecast_days=6 "HTTP/1.1 200 OK"
2026-05-03 15:11:31 - INFO - HTTP Request: GET https://archive-api.open-meteo.com/v1/archive?latitude=55.625555&longitude=37.587399&start_date=2026-04-26&end_date=2026-05-02&hourly=rain&timezone=UTC "HTTP/1.1 200 OK"
2026-05-03 15:11:31 - INFO - HTTP Request: GET https://api.open-meteo.com/v1/forecast?latitude=55.597198&longitude=37.580849&current=temperature_2m,weather_code,wind_speed_10m&hourly=temperature_2m,weather_code,rain,wind_speed_10m&daily=temperature_2m_max,rain_sum,weather_code&timezone=UTC&forecast_hours=6&forecast_days=6 "HTTP/1.1 200 OK"
2026-05-03 15:11:32 - INFO - HTTP Request: GET https://archive-api.open-meteo.com/v1/archive?latitude=55.597198&longitude=37.580849&start_date=2026-04-26&end_date=2026-05-02&hourly=rain&timezone=UTC "HTTP/1.1 200 OK"
2026-05-03 15:11:32 - INFO - GET /api/weather/pamps - 200 (2.99ё)
2026-05-03 15:11:34 - INFO - GET /api/weather/mtb_parks - 200 (0.01ё)
2026-05-03 20:52:33 - INFO - ==================================================
2026-05-03 20:52:33 - INFO -   \U0001f6b5 ╠╥┴ ╧рЁъш 2.0 (Python) Ч ёхЁтхЁ чряґїхэ
2026-05-03 20:52:33 - INFO -   \U0001f310 http://localhost:8000
2026-05-03 20:52:33 - INFO -   \U0001f4e1 API: http://localhost:8000/api/weather/all
2026-05-03 20:52:33 - INFO - ==================================================
2026-05-03 20:52:34 - INFO - GET / - 304 (0.04ё)
2026-05-03 20:52:34 - INFO - GET /css/style.css - 304 (0.00ё)
2026-05-03 20:52:34 - INFO - GET /js/app.js - 200 (0.00ё)
2026-05-03 20:52:34 - INFO - GET /manifest.json - 200 (0.00ё)
2026-05-03 20:52:34 - INFO - GET /manifest.json - 304 (0.00ё)
2026-05-03 20:52:34 - INFO - GET /icons/icon.svg - 304 (0.00ё)
2026-05-03 20:52:34 - INFO - HTTP Request: GET https://api.open-meteo.com/v1/forecast?latitude=55.740384&longitude=37.441293&current=temperature_2m,weather_code,wind_speed_10m&hourly=temperature_2m,weather_code,rain,wind_speed_10m&daily=temperature_2m_max,rain_sum,weather_code&timezone=UTC&forecast_hours=6&forecast_days=6 "HTTP/1.1 200 OK"
2026-05-03 20:52:35 - INFO - HTTP Request: GET https://archive-api.open-meteo.com/v1/archive?latitude=55.740384&longitude=37.441293&start_date=2026-04-26&end_date=2026-05-02&hourly=rain&timezone=UTC "HTTP/1.1 200 OK"
2026-05-03 20:52:35 - INFO - GET /sw.js - 304 (0.00ё)
2026-05-03 20:52:35 - INFO - HTTP Request: GET https://api.open-meteo.com/v1/forecast?latitude=55.438771&longitude=37.504228&current=temperature_2m,weather_code,wind_speed_10m&hourly=temperature_2m,weather_code,rain,wind_speed_10m&daily=temperature_2m_max,rain_sum,weather_code&timezone=UTC&forecast_hours=6&forecast_days=6 "HTTP/1.1 200 OK"
2026-05-03 20:52:37 - INFO - HTTP Request: GET https://archive-api.open-meteo.com/v1/archive?latitude=55.438771&longitude=37.504228&start_date=2026-04-26&end_date=2026-05-02&hourly=rain&timezone=UTC "HTTP/1.1 200 OK"
2026-05-03 20:52:37 - INFO - HTTP Request: GET https://api.open-meteo.com/v1/forecast?latitude=55.567215&longitude=37.539429&current=temperature_2m,weather_code,wind_speed_10m&hourly=temperature_2m,weather_code,rain,wind_speed_10m&daily=temperature_2m_max,rain_sum,weather_code&timezone=UTC&forecast_hours=6&forecast_days=6 "HTTP/1.1 200 OK"
2026-05-03 20:52:38 - INFO - HTTP Request: GET https://archive-api.open-meteo.com/v1/archive?latitude=55.567215&longitude=37.539429&start_date=2026-04-26&end_date=2026-05-02&hourly=rain&timezone=UTC "HTTP/1.1 200 OK"
2026-05-03 20:52:39 - INFO - HTTP Request: GET https://api.open-meteo.com/v1/forecast?latitude=54.831991&longitude=38.125463&current=temperature_2m,weather_code,wind_speed_10m&hourly=temperature_2m,weather_code,rain,wind_speed_10m&daily=temperature_2m_max,rain_sum,weather_code&timezone=UTC&forecast_hours=6&forecast_days=6 "HTTP/1.1 200 OK"
2026-05-03 20:52:40 - INFO - HTTP Request: GET https://archive-api.open-meteo.com/v1/archive?latitude=54.831991&longitude=38.125463&start_date=2026-04-26&end_date=2026-05-02&hourly=rain&timezone=UTC "HTTP/1.1 200 OK"
2026-05-03 20:52:40 - INFO - GET /api/weather/mtb_parks - 200 (6.15ё)
2026-05-03 20:52:48 - INFO - GET / - 200 (0.00ё)
2026-05-03 20:52:48 - INFO - GET /css/style.css - 200 (0.00ё)
2026-05-03 20:52:48 - INFO - GET /manifest.json - 200 (0.00ё)
2026-05-03 20:52:48 - INFO - GET /js/app.js - 200 (0.00ё)
2026-05-03 20:52:48 - INFO - GET /api/weather/mtb_parks - 200 (0.01ё)
2026-05-03 20:52:48 - INFO - GET /favicon.ico - 404 (0.00ё)
2026-05-03 20:52:49 - INFO - GET / - 200 (0.00ё)
2026-05-03 20:52:49 - INFO - GET /css/style.css - 200 (0.00ё)
2026-05-03 20:52:49 - INFO - GET /js/app.js - 200 (0.00ё)
2026-05-03 20:52:49 - INFO - GET /api/weather/mtb_parks - 200 (0.01ё)
2026-05-03 20:52:49 - INFO - GET /manifest.json - 200 (0.01ё)
2026-05-03 20:52:49 - INFO - GET /favicon.ico - 404 (0.00ё)
2026-05-03 20:52:54 - INFO - HTTP Request: GET https://api.open-meteo.com/v1/forecast?latitude=43.562085&longitude=41.18773&current=temperature_2m,weather_code,wind_speed_10m&hourly=temperature_2m,weather_code,rain,wind_speed_10m&daily=temperature_2m_max,rain_sum,weather_code&timezone=UTC&forecast_hours=6&forecast_days=6 "HTTP/1.1 200 OK"
2026-05-03 20:52:54 - INFO - HTTP Request: GET https://archive-api.open-meteo.com/v1/archive?latitude=43.562085&longitude=41.18773&start_date=2026-04-26&end_date=2026-05-02&hourly=rain&timezone=UTC "HTTP/1.1 200 OK"
2026-05-03 20:52:55 - INFO - HTTP Request: GET https://api.open-meteo.com/v1/forecast?latitude=44.704571&longitude=38.539443&current=temperature_2m,weather_code,wind_speed_10m&hourly=temperature_2m,weather_code,rain,wind_speed_10m&daily=temperature_2m_max,rain_sum,weather_code&timezone=UTC&forecast_hours=6&forecast_days=6 "HTTP/1.1 200 OK"
2026-05-03 20:52:56 - INFO - HTTP Request: GET https://archive-api.open-meteo.com/v1/archive?latitude=44.704571&longitude=38.539443&start_date=2026-04-26&end_date=2026-05-02&hourly=rain&timezone=UTC "HTTP/1.1 200 OK"
2026-05-03 20:52:57 - INFO - HTTP Request: GET https://api.open-meteo.com/v1/forecast?latitude=56.196307&longitude=43.840789&current=temperature_2m,weather_code,wind_speed_10m&hourly=temperature_2m,weather_code,rain,wind_speed_10m&daily=temperature_2m_max,rain_sum,weather_code&timezone=UTC&forecast_hours=6&forecast_days=6 "HTTP/1.1 200 OK"
2026-05-03 20:52:58 - INFO - HTTP Request: GET https://archive-api.open-meteo.com/v1/archive?latitude=56.196307&longitude=43.840789&start_date=2026-04-26&end_date=2026-05-02&hourly=rain&timezone=UTC "HTTP/1.1 200 OK"
2026-05-03 20:52:58 - INFO - GET /api/weather/mtb_mountains - 200 (4.68ё)
2026-05-03 20:53:01 - INFO - HTTP Request: GET https://api.open-meteo.com/v1/forecast?latitude=55.625555&longitude=37.587399&current=temperature_2m,weather_code,wind_speed_10m&hourly=temperature_2m,weather_code,rain,wind_speed_10m&daily=temperature_2m_max,rain_sum,weather_code&timezone=UTC&forecast_hours=6&forecast_days=6 "HTTP/1.1 200 OK"
2026-05-03 20:53:02 - INFO - HTTP Request: GET https://archive-api.open-meteo.com/v1/archive?latitude=55.625555&longitude=37.587399&start_date=2026-04-26&end_date=2026-05-02&hourly=rain&timezone=UTC "HTTP/1.1 200 OK"
2026-05-03 20:53:02 - INFO - HTTP Request: GET https://api.open-meteo.com/v1/forecast?latitude=55.597198&longitude=37.580849&current=temperature_2m,weather_code,wind_speed_10m&hourly=temperature_2m,weather_code,rain,wind_speed_10m&daily=temperature_2m_max,rain_sum,weather_code&timezone=UTC&forecast_hours=6&forecast_days=6 "HTTP/1.1 200 OK"
2026-05-03 20:53:04 - INFO - HTTP Request: GET https://archive-api.open-meteo.com/v1/archive?latitude=55.597198&longitude=37.580849&start_date=2026-04-26&end_date=2026-05-02&hourly=rain&timezone=UTC "HTTP/1.1 200 OK"
2026-05-03 20:53:04 - INFO - GET /api/weather/pamps - 200 (3.61ё)
2026-05-03 20:53:05 - INFO - GET /api/weather/mtb_parks - 200 (0.01ё)
2026-05-03 20:53:29 - INFO - GET /api/weather/mtb_parks - 200 (0.01ё)
2026-05-03 20:53:30 - INFO - GET /sw.js - 304 (0.00ё)
2026-05-03 21:02:51 - INFO - HTTP Request: GET https://api.open-meteo.com/v1/forecast?latitude=55.740384&longitude=37.441293&current=temperature_2m,weather_code,wind_speed_10m&hourly=temperature_2m,weather_code,rain,wind_speed_10m&daily=temperature_2m_max,rain_sum,weather_code&timezone=UTC&forecast_hours=6&forecast_days=6 "HTTP/1.1 200 OK"
2026-05-03 21:02:51 - INFO - HTTP Request: GET https://api.open-meteo.com/v1/forecast?latitude=55.438771&longitude=37.504228&current=temperature_2m,weather_code,wind_speed_10m&hourly=temperature_2m,weather_code,rain,wind_speed_10m&daily=temperature_2m_max,rain_sum,weather_code&timezone=UTC&forecast_hours=6&forecast_days=6 "HTTP/1.1 200 OK"
2026-05-03 21:02:52 - INFO - HTTP Request: GET https://api.open-meteo.com/v1/forecast?latitude=55.567215&longitude=37.539429&current=temperature_2m,weather_code,wind_speed_10m&hourly=temperature_2m,weather_code,rain,wind_speed_10m&daily=temperature_2m_max,rain_sum,weather_code&timezone=UTC&forecast_hours=6&forecast_days=6 "HTTP/1.1 200 OK"
2026-05-03 21:02:53 - INFO - HTTP Request: GET https://api.open-meteo.com/v1/forecast?latitude=54.831991&longitude=38.125463&current=temperature_2m,weather_code,wind_speed_10m&hourly=temperature_2m,weather_code,rain,wind_speed_10m&daily=temperature_2m_max,rain_sum,weather_code&timezone=UTC&forecast_hours=6&forecast_days=6 "HTTP/1.1 200 OK"
2026-05-03 21:02:53 - INFO - GET /api/weather/mtb_parks - 200 (2.80ё)
2026-05-03 21:12:50 - INFO - HTTP Request: GET https://api.open-meteo.com/v1/forecast?latitude=55.740384&longitude=37.441293&current=temperature_2m,weather_code,wind_speed_10m&hourly=temperature_2m,weather_code,rain,wind_speed_10m&daily=temperature_2m_max,rain_sum,weather_code&timezone=UTC&forecast_hours=6&forecast_days=6 "HTTP/1.1 200 OK"
2026-05-03 21:12:51 - INFO - HTTP Request: GET https://archive-api.open-meteo.com/v1/archive?latitude=55.740384&longitude=37.441293&start_date=2026-04-26&end_date=2026-05-02&hourly=rain&timezone=UTC "HTTP/1.1 200 OK"
2026-05-03 21:12:52 - INFO - HTTP Request: GET https://api.open-meteo.com/v1/forecast?latitude=55.438771&longitude=37.504228&current=temperature_2m,weather_code,wind_speed_10m&hourly=temperature_2m,weather_code,rain,wind_speed_10m&daily=temperature_2m_max,rain_sum,weather_code&timezone=UTC&forecast_hours=6&forecast_days=6 "HTTP/1.1 200 OK"
2026-05-03 21:12:53 - INFO - HTTP Request: GET https://archive-api.open-meteo.com/v1/archive?latitude=55.438771&longitude=37.504228&start_date=2026-04-26&end_date=2026-05-02&hourly=rain&timezone=UTC "HTTP/1.1 200 OK"
2026-05-03 21:12:54 - INFO - HTTP Request: GET https://api.open-meteo.com/v1/forecast?latitude=55.567215&longitude=37.539429&current=temperature_2m,weather_code,wind_speed_10m&hourly=temperature_2m,weather_code,rain,wind_speed_10m&daily=temperature_2m_max,rain_sum,weather_code&timezone=UTC&forecast_hours=6&forecast_days=6 "HTTP/1.1 200 OK"
2026-05-03 21:12:55 - INFO - HTTP Request: GET https://archive-api.open-meteo.com/v1/archive?latitude=55.567215&longitude=37.539429&start_date=2026-04-26&end_date=2026-05-02&hourly=rain&timezone=UTC "HTTP/1.1 200 OK"
2026-05-03 21:12:55 - INFO - HTTP Request: GET https://api.open-meteo.com/v1/forecast?latitude=54.831991&longitude=38.125463&current=temperature_2m,weather_code,wind_speed_10m&hourly=temperature_2m,weather_code,rain,wind_speed_10m&daily=temperature_2m_max,rain_sum,weather_code&timezone=UTC&forecast_hours=6&forecast_days=6 "HTTP/1.1 200 OK"
2026-05-03 21:12:56 - INFO - HTTP Request: GET https://archive-api.open-meteo.com/v1/archive?latitude=54.831991&longitude=38.125463&start_date=2026-04-26&end_date=2026-05-02&hourly=rain&timezone=UTC "HTTP/1.1 200 OK"
2026-05-03 21:12:56 - INFO - GET /api/weather/mtb_parks - 200 (6.40ё)
2026-05-03 21:18:44 - INFO - ==================================================
2026-05-03 21:18:44 - INFO -   \U0001f6b5 ╠╥┴ ╧рЁъш 2.0 (Python) Ч ёхЁтхЁ чряґїхэ
2026-05-03 21:18:44 - INFO -   \U0001f310 http://localhost:8000
2026-05-03 21:18:44 - INFO -   \U0001f4e1 API: http://localhost:8000/api/weather/all
2026-05-03 21:18:44 - INFO - ==================================================
2026-05-03 21:18:49 - INFO - GET / - 304 (0.04ё)
2026-05-03 21:18:49 - INFO - GET /js/app.js - 304 (0.00ё)
2026-05-03 21:18:50 - INFO - GET /manifest.json - 200 (0.00ё)
2026-05-03 21:18:50 - INFO - HTTP Request: GET https://api.open-meteo.com/v1/forecast?latitude=55.740384&longitude=37.441293&current=temperature_2m,weather_code,wind_speed_10m&hourly=temperature_2m,weather_code,rain,wind_speed_10m&daily=temperature_2m_max,rain_sum,weather_code&timezone=UTC&forecast_hours=6&forecast_days=6 "HTTP/1.1 200 OK"
2026-05-03 21:18:51 - INFO - GET /sw.js - 304 (0.00ё)
2026-05-03 21:18:52 - INFO - HTTP Request: GET https://archive-api.open-meteo.com/v1/archive?latitude=55.740384&longitude=37.441293&start_date=2026-04-26&end_date=2026-05-02&hourly=rain&timezone=UTC "HTTP/1.1 200 OK"
2026-05-03 21:18:52 - INFO - HTTP Request: GET https://api.open-meteo.com/v1/forecast?latitude=55.438771&longitude=37.504228&current=temperature_2m,weather_code,wind_speed_10m&hourly=temperature_2m,weather_code,rain,wind_speed_10m&daily=temperature_2m_max,rain_sum,weather_code&timezone=UTC&forecast_hours=6&forecast_days=6 "HTTP/1.1 200 OK"
2026-05-03 21:18:54 - INFO - HTTP Request: GET https://archive-api.open-meteo.com/v1/archive?latitude=55.438771&longitude=37.504228&start_date=2026-04-26&end_date=2026-05-02&hourly=rain&timezone=UTC "HTTP/1.1 200 OK"
2026-05-03 21:18:55 - INFO - HTTP Request: GET https://api.open-meteo.com/v1/forecast?latitude=55.567215&longitude=37.539429&current=temperature_2m,weather_code,wind_speed_10m&hourly=temperature_2m,weather_code,rain,wind_speed_10m&daily=temperature_2m_max,rain_sum,weather_code&timezone=UTC&forecast_hours=6&forecast_days=6 "HTTP/1.1 200 OK"
2026-05-03 21:18:56 - INFO - HTTP Request: GET https://archive-api.open-meteo.com/v1/archive?latitude=55.567215&longitude=37.539429&start_date=2026-04-26&end_date=2026-05-02&hourly=rain&timezone=UTC "HTTP/1.1 200 OK"
2026-05-03 21:18:57 - INFO - HTTP Request: GET https://api.open-meteo.com/v1/forecast?latitude=54.831991&longitude=38.125463&current=temperature_2m,weather_code,wind_speed_10m&hourly=temperature_2m,weather_code,rain,wind_speed_10m&daily=temperature_2m_max,rain_sum,weather_code&timezone=UTC&forecast_hours=6&forecast_days=6 "HTTP/1.1 200 OK"
2026-05-03 21:18:59 - INFO - HTTP Request: GET https://archive-api.open-meteo.com/v1/archive?latitude=54.831991&longitude=38.125463&start_date=2026-04-26&end_date=2026-05-02&hourly=rain&timezone=UTC "HTTP/1.1 200 OK"
2026-05-03 21:18:59 - INFO - GET /api/weather/mtb_parks - 200 (9.99ё)
2026-05-03 21:19:07 - INFO - HTTP Request: GET https://api.open-meteo.com/v1/forecast?latitude=43.562085&longitude=41.18773&current=temperature_2m,weather_code,wind_speed_10m&hourly=temperature_2m,weather_code,rain,wind_speed_10m&daily=temperature_2m_max,rain_sum,weather_code&timezone=UTC&forecast_hours=6&forecast_days=6 "HTTP/1.1 200 OK"
2026-05-03 21:19:08 - INFO - HTTP Request: GET https://archive-api.open-meteo.com/v1/archive?latitude=43.562085&longitude=41.18773&start_date=2026-04-26&end_date=2026-05-02&hourly=rain&timezone=UTC "HTTP/1.1 200 OK"
2026-05-03 21:19:08 - INFO - HTTP Request: GET https://api.open-meteo.com/v1/forecast?latitude=44.704571&longitude=38.539443&current=temperature_2m,weather_code,wind_speed_10m&hourly=temperature_2m,weather_code,rain,wind_speed_10m&daily=temperature_2m_max,rain_sum,weather_code&timezone=UTC&forecast_hours=6&forecast_days=6 "HTTP/1.1 200 OK"
2026-05-03 21:19:10 - INFO - HTTP Request: GET https://archive-api.open-meteo.com/v1/archive?latitude=44.704571&longitude=38.539443&start_date=2026-04-26&end_date=2026-05-02&hourly=rain&timezone=UTC "HTTP/1.1 200 OK"
2026-05-03 21:19:10 - INFO - HTTP Request: GET https://api.open-meteo.com/v1/forecast?latitude=56.196307&longitude=43.840789&current=temperature_2m,weather_code,wind_speed_10m&hourly=temperature_2m,weather_code,rain,wind_speed_10m&daily=temperature_2m_max,rain_sum,weather_code&timezone=UTC&forecast_hours=6&forecast_days=6 "HTTP/1.1 200 OK"
2026-05-03 21:19:11 - INFO - HTTP Request: GET https://archive-api.open-meteo.com/v1/archive?latitude=56.196307&longitude=43.840789&start_date=2026-04-26&end_date=2026-05-02&hourly=rain&timezone=UTC "HTTP/1.1 200 OK"
2026-05-03 21:19:11 - INFO - GET /api/weather/mtb_mountains - 200 (5.24ё)
2026-05-03 21:19:24 - INFO - HTTP Request: GET https://api.open-meteo.com/v1/forecast?latitude=55.625555&longitude=37.587399&current=temperature_2m,weather_code,wind_speed_10m&hourly=temperature_2m,weather_code,rain,wind_speed_10m&daily=temperature_2m_max,rain_sum,weather_code&timezone=UTC&forecast_hours=6&forecast_days=6 "HTTP/1.1 200 OK"
2026-05-03 21:19:26 - INFO - HTTP Request: GET https://archive-api.open-meteo.com/v1/archive?latitude=55.625555&longitude=37.587399&start_date=2026-04-26&end_date=2026-05-02&hourly=rain&timezone=UTC "HTTP/1.1 200 OK"
2026-05-03 21:19:27 - INFO - HTTP Request: GET https://api.open-meteo.com/v1/forecast?latitude=55.597198&longitude=37.580849&current=temperature_2m,weather_code,wind_speed_10m&hourly=temperature_2m,weather_code,rain,wind_speed_10m&daily=temperature_2m_max,rain_sum,weather_code&timezone=UTC&forecast_hours=6&forecast_days=6 "HTTP/1.1 200 OK"
2026-05-03 21:19:29 - INFO - HTTP Request: GET https://archive-api.open-meteo.com/v1/archive?latitude=55.597198&longitude=37.580849&start_date=2026-04-26&end_date=2026-05-02&hourly=rain&timezone=UTC "HTTP/1.1 200 OK"
2026-05-03 21:19:29 - INFO - GET /api/weather/pamps - 200 (5.88ё)
2026-05-03 21:19:31 - INFO - GET /api/weather/mtb_parks - 200 (0.01ё)
2026-05-03 21:24:01 - INFO - ==================================================
2026-05-03 21:24:01 - INFO -   \U0001f6b5 ╠╥┴ ╧рЁъш 2.0 (Python) Ч ёхЁтхЁ чряґїхэ
2026-05-03 21:24:01 - INFO -   \U0001f310 http://localhost:8000
2026-05-03 21:24:01 - INFO -   \U0001f4e1 API: http://localhost:8000/api/weather/all
2026-05-03 21:24:01 - INFO - ==================================================
2026-05-03 21:24:07 - INFO - GET / - 304 (0.04ё)
2026-05-03 21:24:07 - INFO - GET /js/app.js - 304 (0.00ё)
2026-05-03 21:24:07 - INFO - GET /manifest.json - 200 (0.00ё)
2026-05-03 21:24:08 - INFO - HTTP Request: GET https://api.open-meteo.com/v1/forecast?latitude=55.740384&longitude=37.441293&current=temperature_2m,weather_code,wind_speed_10m,shortwave_radiation&hourly=temperature_2m,weather_code,rain,wind_speed_10m&daily=temperature_2m_max,rain_sum,weather_code&timezone=UTC&forecast_hours=6&forecast_days=6 "HTTP/1.1 200 OK"
2026-05-03 21:24:09 - INFO - GET /sw.js - 304 (0.00ё)
2026-05-03 21:24:09 - INFO - HTTP Request: GET https://archive-api.open-meteo.com/v1/archive?latitude=55.740384&longitude=37.441293&start_date=2026-04-26&end_date=2026-05-02&hourly=rain&timezone=UTC "HTTP/1.1 200 OK"
2026-05-03 21:24:10 - INFO - HTTP Request: GET https://api.open-meteo.com/v1/forecast?latitude=55.438771&longitude=37.504228&current=temperature_2m,weather_code,wind_speed_10m,shortwave_radiation&hourly=temperature_2m,weather_code,rain,wind_speed_10m&daily=temperature_2m_max,rain_sum,weather_code&timezone=UTC&forecast_hours=6&forecast_days=6 "HTTP/1.1 200 OK"
2026-05-03 21:24:12 - INFO - HTTP Request: GET https://archive-api.open-meteo.com/v1/archive?latitude=55.438771&longitude=37.504228&start_date=2026-04-26&end_date=2026-05-02&hourly=rain&timezone=UTC "HTTP/1.1 200 OK"
2026-05-03 21:24:12 - INFO - HTTP Request: GET https://api.open-meteo.com/v1/forecast?latitude=55.567215&longitude=37.539429&current=temperature_2m,weather_code,wind_speed_10m,shortwave_radiation&hourly=temperature_2m,weather_code,rain,wind_speed_10m&daily=temperature_2m_max,rain_sum,weather_code&timezone=UTC&forecast_hours=6&forecast_days=6 "HTTP/1.1 200 OK"
2026-05-03 21:24:15 - INFO - HTTP Request: GET https://archive-api.open-meteo.com/v1/archive?latitude=55.567215&longitude=37.539429&start_date=2026-04-26&end_date=2026-05-02&hourly=rain&timezone=UTC "HTTP/1.1 200 OK"
2026-05-03 21:24:15 - INFO - HTTP Request: GET https://api.open-meteo.com/v1/forecast?latitude=54.831991&longitude=38.125463&current=temperature_2m,weather_code,wind_speed_10m,shortwave_radiation&hourly=temperature_2m,weather_code,rain,wind_speed_10m&daily=temperature_2m_max,rain_sum,weather_code&timezone=UTC&forecast_hours=6&forecast_days=6 "HTTP/1.1 200 OK"
2026-05-03 21:24:19 - INFO - HTTP Request: GET https://archive-api.open-meteo.com/v1/archive?latitude=54.831991&longitude=38.125463&start_date=2026-04-26&end_date=2026-05-02&hourly=rain&timezone=UTC "HTTP/1.1 200 OK"
2026-05-03 21:24:19 - INFO - GET /api/weather/mtb_parks - 200 (11.65ё)
2026-05-03 21:24:22 - INFO - HTTP Request: GET https://api.open-meteo.com/v1/forecast?latitude=43.562085&longitude=41.18773&current=temperature_2m,weather_code,wind_speed_10m,shortwave_radiation&hourly=temperature_2m,weather_code,rain,wind_speed_10m&daily=temperature_2m_max,rain_sum,weather_code&timezone=UTC&forecast_hours=6&forecast_days=6 "HTTP/1.1 200 OK"
2026-05-03 21:24:23 - INFO - HTTP Request: GET https://archive-api.open-meteo.com/v1/archive?latitude=43.562085&longitude=41.18773&start_date=2026-04-26&end_date=2026-05-02&hourly=rain&timezone=UTC "HTTP/1.1 200 OK"
2026-05-03 21:24:24 - INFO - HTTP Request: GET https://api.open-meteo.com/v1/forecast?latitude=44.704571&longitude=38.539443&current=temperature_2m,weather_code,wind_speed_10m,shortwave_radiation&hourly=temperature_2m,weather_code,rain,wind_speed_10m&daily=temperature_2m_max,rain_sum,weather_code&timezone=UTC&forecast_hours=6&forecast_days=6 "HTTP/1.1 200 OK"
2026-05-03 21:24:25 - INFO - HTTP Request: GET https://archive-api.open-meteo.com/v1/archive?latitude=44.704571&longitude=38.539443&start_date=2026-04-26&end_date=2026-05-02&hourly=rain&timezone=UTC "HTTP/1.1 200 OK"
2026-05-03 21:24:26 - INFO - HTTP Request: GET https://api.open-meteo.com/v1/forecast?latitude=56.196307&longitude=43.840789&current=temperature_2m,weather_code,wind_speed_10m,shortwave_radiation&hourly=temperature_2m,weather_code,rain,wind_speed_10m&daily=temperature_2m_max,rain_sum,weather_code&timezone=UTC&forecast_hours=6&forecast_days=6 "HTTP/1.1 200 OK"
2026-05-03 21:24:27 - INFO - HTTP Request: GET https://archive-api.open-meteo.com/v1/archive?latitude=56.196307&longitude=43.840789&start_date=2026-04-26&end_date=2026-05-02&hourly=rain&timezone=UTC "HTTP/1.1 200 OK"
2026-05-03 21:24:27 - INFO - GET /api/weather/mtb_mountains - 200 (5.58ё)
2026-05-03 21:25:01 - INFO - GET /api/weather/mtb_parks - 200 (0.01ё)
2026-05-03 21:25:03 - INFO - GET /sw.js - 304 (0.00ё)
2026-05-03 21:25:13 - INFO - GET /api/weather/mtb_mountains - 200 (0.01ё)
2026-05-03 21:25:15 - INFO - GET /sw.js - 304 (0.00ё)
2026-05-03 21:34:08 - INFO - HTTP Request: GET https://api.open-meteo.com/v1/forecast?latitude=43.562085&longitude=41.18773&current=temperature_2m,weather_code,wind_speed_10m,shortwave_radiation&hourly=temperature_2m,weather_code,rain,wind_speed_10m&daily=temperature_2m_max,rain_sum,weather_code&timezone=UTC&forecast_hours=6&forecast_days=6 "HTTP/1.1 200 OK"
2026-05-03 21:34:09 - INFO - HTTP Request: GET https://api.open-meteo.com/v1/forecast?latitude=44.704571&longitude=38.539443&current=temperature_2m,weather_code,wind_speed_10m,shortwave_radiation&hourly=temperature_2m,weather_code,rain,wind_speed_10m&daily=temperature_2m_max,rain_sum,weather_code&timezone=UTC&forecast_hours=6&forecast_days=6 "HTTP/1.1 200 OK"
2026-05-03 21:34:09 - INFO - HTTP Request: GET https://api.open-meteo.com/v1/forecast?latitude=56.196307&longitude=43.840789&current=temperature_2m,weather_code,wind_speed_10m,shortwave_radiation&hourly=temperature_2m,weather_code,rain,wind_speed_10m&daily=temperature_2m_max,rain_sum,weather_code&timezone=UTC&forecast_hours=6&forecast_days=6 "HTTP/1.1 200 OK"
2026-05-03 21:34:09 - INFO - GET /api/weather/mtb_mountains - 200 (1.65ё)
2026-05-03 21:44:08 - INFO - HTTP Request: GET https://api.open-meteo.com/v1/forecast?latitude=43.562085&longitude=41.18773&current=temperature_2m,weather_code,wind_speed_10m,shortwave_radiation&hourly=temperature_2m,weather_code,rain,wind_speed_10m&daily=temperature_2m_max,rain_sum,weather_code&timezone=UTC&forecast_hours=6&forecast_days=6 "HTTP/1.1 200 OK"
2026-05-03 21:44:10 - INFO - HTTP Request: GET https://archive-api.open-meteo.com/v1/archive?latitude=43.562085&longitude=41.18773&start_date=2026-04-26&end_date=2026-05-02&hourly=rain&timezone=UTC "HTTP/1.1 200 OK"
2026-05-03 21:44:11 - INFO - HTTP Request: GET https://api.open-meteo.com/v1/forecast?latitude=44.704571&longitude=38.539443&current=temperature_2m,weather_code,wind_speed_10m,shortwave_radiation&hourly=temperature_2m,weather_code,rain,wind_speed_10m&daily=temperature_2m_max,rain_sum,weather_code&timezone=UTC&forecast_hours=6&forecast_days=6 "HTTP/1.1 200 OK"
2026-05-03 21:44:13 - INFO - HTTP Request: GET https://archive-api.open-meteo.com/v1/archive?latitude=44.704571&longitude=38.539443&start_date=2026-04-26&end_date=2026-05-02&hourly=rain&timezone=UTC "HTTP/1.1 200 OK"
2026-05-03 21:44:13 - INFO - HTTP Request: GET https://api.open-meteo.com/v1/forecast?latitude=56.196307&longitude=43.840789&current=temperature_2m,weather_code,wind_speed_10m,shortwave_radiation&hourly=temperature_2m,weather_code,rain,wind_speed_10m&daily=temperature_2m_max,rain_sum,weather_code&timezone=UTC&forecast_hours=6&forecast_days=6 "HTTP/1.1 200 OK"
2026-05-03 21:44:15 - INFO - HTTP Request: GET https://archive-api.open-meteo.com/v1/archive?latitude=56.196307&longitude=43.840789&start_date=2026-04-26&end_date=2026-05-02&hourly=rain&timezone=UTC "HTTP/1.1 200 OK"
2026-05-03 21:44:15 - INFO - GET /api/weather/mtb_mountains - 200 (7.66ё)
